<window xmlns="http://jmix.io/schema/ui/window"
        xmlns:chart="http://jmix.io/schema/ui/charts"
        caption="msg://com.company.platform.screen.test/testScreen.caption">
    <layout>
        <fileStorageUpload id="uploadTest" accept="*.xlsx" fileStoragePutMode="MANUAL"/>
    </layout>
</window>
